-448320
-424572
-445260
-448976
-430984
-472628
-447360
-462232
-451080
-424584
-445300
-431324
-449236
-472936
-447660
-461956
-450016
-423004
-443204
-428968
-446308
-470024
-445008
-459248
-448132
-422276
-427316
-445708
-441552
-444420
-469424
-459652
-448148
-422376
-446696
-429296
-442344
-444484
-469720
-458144
-446624
-420684
-426176
-444372
-440672
-468348
-443072
-458024
-446812
-420608
-445512
-427316
-468676
-441276
-443124
-458120
-447112
-423792
-450768
-432564
-474468
-446532
-448932
-463760
-452624
-426964
-432552
-450748
-449180
-474196
-446520
-463596
-451912
-426252
-432604
-450248
-448948
-474224
-447196
-462116
-450824
-425048
-430356
-447796
-471772
-446496
-444356
-461360
-450116
-424224
-448568
-430372
-447008
-471968
-444292
-460328
-449080
-423140
-448364
-446544
-430168
-472080
-444404
-461592
-450528
-423612
-450124
-473288
-445612
-432188
-448540
-463136
-451236
-425056
-448552
-472544
-430088
-446724
-444584
-462032
-450364
-424728
-473176
-430980
-449176
-447616
-444924
-460744
-448192
-423160
-427224
-469396
-443860
-440680
-445420
-456332
-445072
-419676
-425300
-441928
-467212
-439204
-443164
-455528
-443844
-418360
-442432
-425796
-444244
-440024
-467440
-456976
-445724
-419704
-442480
-425108
-440128
-467280
-443816
-456592
-445316
-419768
-442360
-439660
-467640
-425724
-443044
-457792
-446800
-421616
-427948
-444608
-442468
-445868
-469584
-458992
-447800
-421364
-445884
-427956
-444592
-469600
-441924
-459928
-448148
-422372
-470576
-442900
-446860
-428648
-445284
-459620
-447580
-421552
-470000
-428088
-446016
-444196
-442324
-458368
-446856
-420912
-429632
-471544
-444648
-448348
-446788
-461056
-449504
-423568
-473808
-431896
-446392
-450076
-448516
-463120
-451884
-426204
-446644
-474320
-449044
-432408
-450604
-462624
-451624
-425656
-444000
-429220
-471676
-446400
-447696
-460272
-448964
-422992
-441532
-426892
-469324
-442668
-443968
-457068
-445644
-418632
-437320
-423084
-439680
-464696
-440720
-450328
-439472
-413108
-434200
-419956
-436852
-438120
-461836
-450540
-439264
-414104
-434464
-436864
-420228
-437384
-462140
-451264
-439468
-413628
-434444
-436524
-419888
-438084
-462320
-450480
-439228
-413888
-434388
-420152
-438348
-437080
-462324
-454044
-442748
-417524
-425488
-439724
-443944
-441792
-467068
-457504
-446236
-420416
-444628
-426432
-468344
-440668
-443068
-457624
-446216
-419820
-445764
-469196
-427284
-441764
-444164
-459504
-447508
-421440
-469208
-427496
-445432
-444068
-441668
-458812
-447292
-420996
-427524
-469436
-444420
-442020
-445980
-458328
-446792
-421264
-423304
-439940
-465216
-437240
-441948
-459848
-448344
-422224
-428804
-470716
-445440
-447000
-442740
-459352
-448004
-422464
-428332
-446788
-470244
-443072
-445228
-458192
-447264
-421644
-428120
-446316
-443136
-470292
-445276
-459084
-447620
-421908
-446648
-428192
-442160
-469576
-444560
-458976
-447172
-421640
-446112
-427916
-469804
-442672
-444528
-458916
-447176
-421112
-446152
-427128
-441364
-444260
-469276
-458380
-446684
-420864
-427584
-469512
-445780
-441820
-444236
-458428
-448272
-422152
-428704
-446624
-444796
-442940
-470616
-459012
-447544
-422036
-446788
-428592
-444968
-469960
-442520
-459336
-451292
-425468
-431732
-449660
-448100
-472812
-445396
-462172
-450396
-424460
-431516
-449412
-472868
-445468
-447820
-461116
-449800
-424128
-428356
-447080
-471056
-445780
-443380
-458468
-446616
-420948
-444252
-440292
-425552
-456548
-442692
-467968
-445436
-419444
-442764
-439088
-424852
-466072
-440796
-454636
-444224
-418424
-443136
-439436
-441576
-424940
-466852
-455124
-444140
-418308
-441584
-455424
-443696
-439444
-424948
-467120
-444416
-419280
-451980
-450116
-447716
-433744
-464260
-475632
-454244
-429508
-453416
-448668
-434148
-451572
-453056
-464876
-475744
-428564
-452868
-454352
-465920
-434672
-475960
-451308
-448024
-429372
-454932
-451484
-466184
-449084
-434848
-477620
-453044
-427592
-434420
-454188
-448656
-451324
-476284
-452276
-464896
-428652
-446872
-475172
-432636
-452484
-449896
-451076
-462564
-424688
-472696
-444160
-430468
-460400
-448640
-449692
-446820
-425488
-445196
-461704
-449156
-430960
-448140
-473140
-450184
-424948
-446004
-461912
-449372
-431388
-448284
-450612
-473380
-424256
-447416
-459696
-443196
-445596
-448184
-428960
-470540
-422700
-449812
-448784
-461640
-445108
-472484
-430832
-447224
-425480
-450804
-473204
-445792
-461764
-449492
-447924
-431292
-425932
-451232
-474948
-447272
-433036
-452260
-449672
-463512
-427084
-450936
-474652
-433520
-449896
-463736
-447496
-452484
-428092
-477440
-451904
-466004
-455272
-435528
-454740
-450780
-430096
-436292
-452928
-454220
-455516
-466768
-478204
-450528
-428928
-454812
-452816
-436180
-466064
-449824
-454072
-477500
-429988
